<?xml version="1.0" encoding="UTF-8"?>
<!-- Generated by org.testng.reporters.JUnitReportReporter -->
<testsuite skipped="0" hostname="VAIO" name="com.covid.Test2" tests="1" failures="0" timestamp="15 May 2020 19:04:40 GMT" time="20.622" errors="0">
  <testcase name="login2" time="20.622" classname="com.covid.Test2"/>
</testsuite> <!-- com.covid.Test2 -->
