<?xml version="1.0" encoding="UTF-8"?>
<!-- Generated by org.testng.reporters.JUnitReportReporter -->
<testsuite skipped="0" hostname="VAIO" name="com.covid.Test1" tests="2" failures="0" timestamp="15 May 2020 19:04:40 GMT" time="27.378" errors="0">
  <testcase name="login1" time="9.916" classname="com.covid.Test1"/>
  <testcase name="login2" time="17.462" classname="com.covid.Test1"/>
</testsuite> <!-- com.covid.Test1 -->
