<?xml version="1.0" encoding="UTF-8"?>
<!-- Generated by org.testng.reporters.JUnitReportReporter -->
<testsuite skipped="0" hostname="VAIO" name="com.covid20.Test2" tests="1" failures="0" timestamp="15 May 2020 20:49:41 GMT" time="14.322" errors="0">
  <testcase name="login2" time="14.322" classname="com.covid20.Test2"/>
</testsuite> <!-- com.covid20.Test2 -->
