<?xml version="1.0" encoding="UTF-8"?>
<!-- Generated by org.testng.reporters.JUnitReportReporter -->
<testsuite skipped="0" hostname="VAIO" name="covid21.Test3" tests="3" failures="0" timestamp="15 May 2020 20:49:41 GMT" time="0.002" errors="0">
  <testcase name="add" time="0.001" classname="covid21.Test3"/>
  <testcase name="multiply" time="0.001" classname="covid21.Test3"/>
  <testcase name="sub" time="0.000" classname="covid21.Test3"/>
</testsuite> <!-- covid21.Test3 -->
